2021-08-13 18:54:47,923 [DEBUG] com.zaxxer.hikari.pool.HikariPool: HikariPool-2 - Pool stats (total=10, active=0, idle=10, waiting=0)
2021-08-13 18:54:47,923 [DEBUG] com.zaxxer.hikari.pool.HikariPool: HikariPool-2 - Fill pool skipped, pool is at sufficient level.
2021-08-13 18:55:17,925 [DEBUG] com.zaxxer.hikari.pool.HikariPool: HikariPool-2 - Pool stats (total=10, active=0, idle=10, waiting=0)
2021-08-13 18:55:17,925 [DEBUG] com.zaxxer.hikari.pool.HikariPool: HikariPool-2 - Fill pool skipped, pool is at sufficient level.
2021-08-13 18:55:47,926 [DEBUG] com.zaxxer.hikari.pool.HikariPool: HikariPool-2 - Pool stats (total=10, active=0, idle=10, waiting=0)
2021-08-13 18:55:47,926 [DEBUG] com.zaxxer.hikari.pool.HikariPool: HikariPool-2 - Fill pool skipped, pool is at sufficient level.
2021-08-13 18:56:17,927 [DEBUG] com.zaxxer.hikari.pool.HikariPool: HikariPool-2 - Pool stats (total=10, active=0, idle=10, waiting=0)
2021-08-13 18:56:17,927 [DEBUG] com.zaxxer.hikari.pool.HikariPool: HikariPool-2 - Fill pool skipped, pool is at sufficient level.
2021-08-13 18:56:47,929 [DEBUG] com.zaxxer.hikari.pool.HikariPool: HikariPool-2 - Pool stats (total=10, active=0, idle=10, waiting=0)
2021-08-13 18:56:47,929 [DEBUG] com.zaxxer.hikari.pool.HikariPool: HikariPool-2 - Fill pool skipped, pool is at sufficient level.
2021-08-13 18:56:59,983 [DEBUG] org.springframework.web.filter.CommonsRequestLoggingFilter: Before request [GET /]
2021-08-13 18:56:59,983 [DEBUG] com.samsung.card.controller.main.MainController: ========= WONY ===========
2021-08-13 18:56:59,987 [DEBUG] org.springframework.web.filter.CommonsRequestLoggingFilter: REQUEST DATA : GET /]
2021-08-13 18:57:00,013 [DEBUG] org.springframework.web.filter.CommonsRequestLoggingFilter: Before request [GET /css/main.css]
2021-08-13 18:57:00,015 [DEBUG] org.springframework.web.filter.CommonsRequestLoggingFilter: REQUEST DATA : GET /css/main.css]
2021-08-13 18:57:00,085 [DEBUG] org.springframework.web.filter.CommonsRequestLoggingFilter: Before request [POST /user/getUserNameJson]
2021-08-13 18:57:00,087 [DEBUG] org.springframework.web.filter.CommonsRequestLoggingFilter: REQUEST DATA : POST /user/getUserNameJson, payload=id=1]
2021-08-13 18:57:00,088 [DEBUG] org.springframework.web.filter.CommonsRequestLoggingFilter: Before request [GET /favicon.ico]
2021-08-13 18:57:00,089 [DEBUG] org.springframework.web.filter.CommonsRequestLoggingFilter: REQUEST DATA : GET /favicon.ico]
2021-08-13 18:57:17,930 [DEBUG] com.zaxxer.hikari.pool.HikariPool: HikariPool-2 - Pool stats (total=10, active=0, idle=10, waiting=0)
2021-08-13 18:57:17,930 [DEBUG] com.zaxxer.hikari.pool.HikariPool: HikariPool-2 - Fill pool skipped, pool is at sufficient level.
2021-08-13 18:57:23,371 [DEBUG] org.springframework.web.filter.CommonsRequestLoggingFilter: Before request [GET /]
2021-08-13 18:57:23,372 [DEBUG] com.samsung.card.controller.main.MainController: ========= WONY ===========
2021-08-13 18:57:23,375 [DEBUG] org.springframework.web.filter.CommonsRequestLoggingFilter: REQUEST DATA : GET /]
2021-08-13 18:57:23,398 [DEBUG] org.springframework.web.filter.CommonsRequestLoggingFilter: Before request [GET /css/main.css]
2021-08-13 18:57:23,400 [DEBUG] org.springframework.web.filter.CommonsRequestLoggingFilter: REQUEST DATA : GET /css/main.css]
2021-08-13 18:57:23,475 [DEBUG] org.springframework.web.filter.CommonsRequestLoggingFilter: Before request [POST /user/getUserNameJson]
2021-08-13 18:57:23,475 [DEBUG] org.springframework.web.filter.CommonsRequestLoggingFilter: Before request [GET /favicon.ico]
2021-08-13 18:57:23,476 [DEBUG] org.springframework.web.filter.CommonsRequestLoggingFilter: REQUEST DATA : POST /user/getUserNameJson, payload=id=1]
2021-08-13 18:57:23,476 [DEBUG] org.springframework.web.filter.CommonsRequestLoggingFilter: REQUEST DATA : GET /favicon.ico]
2021-08-13 18:57:30,896 [DEBUG] org.springframework.web.filter.CommonsRequestLoggingFilter: Before request [GET /]
2021-08-13 18:57:30,897 [DEBUG] com.samsung.card.controller.main.MainController: ========= WONY ===========
2021-08-13 18:57:30,899 [DEBUG] org.springframework.web.filter.CommonsRequestLoggingFilter: REQUEST DATA : GET /]
2021-08-13 18:57:30,916 [DEBUG] org.springframework.web.filter.CommonsRequestLoggingFilter: Before request [GET /css/main.css]
2021-08-13 18:57:30,917 [DEBUG] org.springframework.web.filter.CommonsRequestLoggingFilter: REQUEST DATA : GET /css/main.css]
2021-08-13 18:57:30,978 [DEBUG] org.springframework.web.filter.CommonsRequestLoggingFilter: Before request [POST /user/getUserNameJson]
2021-08-13 18:57:30,978 [DEBUG] org.springframework.web.filter.CommonsRequestLoggingFilter: Before request [GET /favicon.ico]
2021-08-13 18:57:30,979 [DEBUG] org.springframework.web.filter.CommonsRequestLoggingFilter: REQUEST DATA : POST /user/getUserNameJson, payload=id=1]
2021-08-13 18:57:30,980 [DEBUG] org.springframework.web.filter.CommonsRequestLoggingFilter: REQUEST DATA : GET /favicon.ico]
2021-08-13 18:57:47,932 [DEBUG] com.zaxxer.hikari.pool.HikariPool: HikariPool-2 - Pool stats (total=10, active=0, idle=10, waiting=0)
2021-08-13 18:57:47,932 [DEBUG] com.zaxxer.hikari.pool.HikariPool: HikariPool-2 - Fill pool skipped, pool is at sufficient level.
2021-08-13 18:58:10,767 [DEBUG] org.springframework.web.filter.CommonsRequestLoggingFilter: Before request [GET /]
2021-08-13 18:58:10,768 [DEBUG] com.samsung.card.controller.main.MainController: ========= WONY ===========
2021-08-13 18:58:10,773 [DEBUG] org.springframework.web.filter.CommonsRequestLoggingFilter: REQUEST DATA : GET /]
2021-08-13 18:58:10,796 [DEBUG] org.springframework.web.filter.CommonsRequestLoggingFilter: Before request [GET /css/main.css]
2021-08-13 18:58:10,798 [DEBUG] org.springframework.web.filter.CommonsRequestLoggingFilter: REQUEST DATA : GET /css/main.css]
2021-08-13 18:58:10,913 [DEBUG] org.springframework.web.filter.CommonsRequestLoggingFilter: Before request [GET /favicon.ico]
2021-08-13 18:58:10,915 [DEBUG] org.springframework.web.filter.CommonsRequestLoggingFilter: REQUEST DATA : GET /favicon.ico]
2021-08-13 18:58:10,917 [DEBUG] org.springframework.web.filter.CommonsRequestLoggingFilter: Before request [POST /user/getUserNameJson]
2021-08-13 18:58:10,919 [DEBUG] org.springframework.web.filter.CommonsRequestLoggingFilter: REQUEST DATA : POST /user/getUserNameJson, payload=id=1]
2021-08-13 18:58:17,934 [DEBUG] com.zaxxer.hikari.pool.HikariPool: HikariPool-2 - Pool stats (total=10, active=0, idle=10, waiting=0)
2021-08-13 18:58:17,934 [DEBUG] com.zaxxer.hikari.pool.HikariPool: HikariPool-2 - Fill pool skipped, pool is at sufficient level.
2021-08-13 18:58:23,762 [DEBUG] org.springframework.web.filter.CommonsRequestLoggingFilter: Before request [GET /]
2021-08-13 18:58:23,763 [DEBUG] com.samsung.card.controller.main.MainController: ========= WONY ===========
2021-08-13 18:58:23,766 [DEBUG] org.springframework.web.filter.CommonsRequestLoggingFilter: REQUEST DATA : GET /]
2021-08-13 18:58:23,782 [DEBUG] org.springframework.web.filter.CommonsRequestLoggingFilter: Before request [GET /css/main.css]
2021-08-13 18:58:23,783 [DEBUG] org.springframework.web.filter.CommonsRequestLoggingFilter: REQUEST DATA : GET /css/main.css]
2021-08-13 18:58:23,845 [DEBUG] org.springframework.web.filter.CommonsRequestLoggingFilter: Before request [POST /user/getUserNameJson]
2021-08-13 18:58:23,845 [DEBUG] org.springframework.web.filter.CommonsRequestLoggingFilter: Before request [GET /favicon.ico]
2021-08-13 18:58:23,846 [DEBUG] org.springframework.web.filter.CommonsRequestLoggingFilter: REQUEST DATA : POST /user/getUserNameJson, payload=id=1]
2021-08-13 18:58:23,847 [DEBUG] org.springframework.web.filter.CommonsRequestLoggingFilter: REQUEST DATA : GET /favicon.ico]
2021-08-13 18:58:47,936 [DEBUG] com.zaxxer.hikari.pool.HikariPool: HikariPool-2 - Pool stats (total=10, active=0, idle=10, waiting=0)
2021-08-13 18:58:47,936 [DEBUG] com.zaxxer.hikari.pool.HikariPool: HikariPool-2 - Fill pool skipped, pool is at sufficient level.
